<?xml version="1.0" encoding="UTF-8"?>
<testsuite xmlns:xsi="http://www.w3.org/2001/XMLSchema-instance" xsi:noNamespaceSchemaLocation="https://maven.apache.org/surefire/maven-surefire-plugin/xsd/surefire-test-report.xsd" name="GreetingTest" time="0.002" tests="4" errors="0" skipped="0" failures="2">
  <properties>
[...]
</properties>
  <testcase name="GreetingTest.testGreetingWithDefaultLanguage" classname="GreetingTest" time="0.001">
    <failure message="expected: &lt;MHOLO  Lunga&gt; but was: &lt;Mholo Lunga&gt;" type="org.opentest4j.AssertionFailedError"><![CDATA[org.opentest4j.AssertionFailedError: expected: <MHOLO  Lunga> but was: <Mholo Lunga>
	at org.junit.jupiter.api.AssertionUtils.fail(AssertionUtils.java:55)
	at org.junit.jupiter.api.AssertEquals.failNotEqual(AssertEquals.java:195)
	at org.junit.jupiter.api.AssertEquals.assertEquals(AssertEquals.java:184)
	at org.junit.jupiter.api.AssertEquals.assertEquals(AssertEquals.java:179)
	at org.junit.jupiter.api.Assertions.assertEquals(Assertions.java:1124)
	at GreetingTest.testGreetingWithDefaultLanguage(GreetingTest.java:10)
]]></failure>
  </testcase>
  <testcase name="GreetingTest.testIfICanGreetAUser" classname="GreetingTest" time="0">
    <failure message="expected: &lt;Mholo Ovayo&gt; but was: &lt;MHOLO  Ovayo&gt;" type="org.opentest4j.AssertionFailedError"><![CDATA[org.opentest4j.AssertionFailedError: expected: <Mholo Ovayo> but was: <MHOLO  Ovayo>
	at org.junit.jupiter.api.AssertionUtils.fail(AssertionUtils.java:55)
	at org.junit.jupiter.api.AssertEquals.failNotEqual(AssertEquals.java:195)
	at org.junit.jupiter.api.AssertEquals.assertEquals(AssertEquals.java:184)
	at org.junit.jupiter.api.AssertEquals.assertEquals(AssertEquals.java:179)
	at org.junit.jupiter.api.Assertions.assertEquals(Assertions.java:1124)
	at GreetingTest.testIfICanGreetAUser(GreetingTest.java:16)
]]></failure>
  </testcase>
  <testcase name="GreetingTest.testGreetedList" classname="GreetingTest" time="0"/>
  <testcase name="GreetingTest.testIfICanRemoveUsers" classname="GreetingTest" time="0"/>
</testsuite>